<?xml version="1.0" encoding="UTF-8"?>
<testsuite xmlns:xsi="http://www.w3.org/2001/XMLSchema-instance" xsi:noNamespaceSchemaLocation="https://maven.apache.org/surefire/maven-surefire-plugin/xsd/surefire-test-report-3.0.xsd" version="3.0" name="iset.iot.UbidotsDashboardApplicationTests" time="6.402" tests="1" errors="0" skipped="0" failures="0">
  <properties>
[...]
</properties>
  <testcase name="contextLoads" classname="iset.iot.UbidotsDashboardApplicationTests" time="1.992">
    <system-out><![CDATA[21:57:17.970 [main] INFO org.springframework.test.context.support.AnnotationConfigContextLoaderUtils -- Could not detect default configuration classes for test class [iset.iot.UbidotsDashboardApplicationTests]: UbidotsDashboardApplicationTests does not declare any static, non-private, non-final, nested classes annotated with @Configuration.
21:57:18.157 [main] INFO org.springframework.boot.test.context.SpringBootTestContextBootstrapper -- Found @SpringBootConfiguration iset.iot.UbidotsDashboardApplication for test class iset.iot.UbidotsDashboardApplicationTests

  .   ____          _            __ _ _
 /\\ / ___'_ __ _ _(_)_ __  __ _ \ \ \ \
( ( )\___ | '_ | '_| | '_ \/ _` | \ \ \ \
 \\/  ___)| |_)| | | | | || (_| |  ) ) ) )
  '  |____| .__|_| |_|_| |_\__, | / / / /
 =========|_|==============|___/=/_/_/_/
 :: Spring Boot ::                (v3.1.5)

2023-10-21T21:57:19.022+01:00  INFO 4128 --- [           main] i.iot.UbidotsDashboardApplicationTests   : Starting UbidotsDashboardApplicationTests using Java 20.0.2 with PID 4128 (started by 21629 in C:\Users\21629\workspace\sts-workspace\ubidots_dashboard)
2023-10-21T21:57:19.027+01:00  INFO 4128 --- [           main] i.iot.UbidotsDashboardApplicationTests   : No active profile set, falling back to 1 default profile: "default"
2023-10-21T21:57:22.051+01:00  INFO 4128 --- [           main] i.iot.UbidotsDashboardApplicationTests   : Started UbidotsDashboardApplicationTests in 3.594 seconds (process running for 5.27)
]]></system-out>
  </testcase>
</testsuite>